<?xml version="1.0" encoding="UTF-8"?>
<!-- Generated by org.testng.reporters.JUnitReportReporter -->
<testsuite hostname="Nikhils-Mac" failures="0" tests="1" name="helloworld_nikhil.TestHelloWorld" time="0.003" errors="0" timestamp="2020-10-06T17:56:29 EDT" skipped="0">
  <testcase classname="helloworld_nikhil.TestHelloWorld" name="testHelloWorld" time="0.003"/>
  <system-out/>
</testsuite> <!-- helloworld_nikhil.TestHelloWorld -->
